<?xml version="1.0" encoding="UTF-8"?>
<robot generator="Robot 6.1.1 (Python 3.11.4 on win32)" generated="20231120 22:38:52.022" rpa="false" schemaversion="4">
<suite id="s1" name="Casosdeteste" source="D:\UFPR\DS252 - Engenharia de Software II\atividade-robot\trabalho-robot\casosdeteste.robot">
<test id="s1-t1" name="CT03: Alterar o idioma do Spotify" line="25">
<kw name="Abrir browser" library="resources" type="SETUP">
<kw name="Open Browser" library="SeleniumLibrary">
<arg>browser=firefox</arg>
<doc>Opens a new browser instance to the optional ``url``.</doc>
<msg timestamp="20231120 22:38:52.261" level="INFO">Opening browser 'firefox' to base url 'None'.</msg>
<status status="PASS" starttime="20231120 22:38:52.261" endtime="20231120 22:39:00.048"/>
</kw>
<kw name="Maximize Browser Window" library="SeleniumLibrary">
<doc>Maximizes current browser window.</doc>
<status status="PASS" starttime="20231120 22:39:00.048" endtime="20231120 22:39:00.321"/>
</kw>
<status status="PASS" starttime="20231120 22:38:52.260" endtime="20231120 22:39:00.321"/>
</kw>
<kw name="Acessar Spotify no endereço &quot;https://open.spotify.com/&quot;" library="resources" sourcename="Acessar Spotify no endereço &quot;${URL}&quot;">
<kw name="Go To" library="SeleniumLibrary">
<arg>${URL}</arg>
<doc>Navigates the current browser window to the provided ``url``.</doc>
<msg timestamp="20231120 22:39:00.322" level="INFO">Opening url 'https://open.spotify.com/'</msg>
<status status="PASS" starttime="20231120 22:39:00.322" endtime="20231120 22:39:03.114"/>
</kw>
<kw name="Wait Until Element Is Visible" library="SeleniumLibrary">
<arg>${TEXTO_PAG_INICIAL}</arg>
<doc>Waits until the element ``locator`` is visible.</doc>
<status status="PASS" starttime="20231120 22:39:03.114" endtime="20231120 22:39:05.914"/>
</kw>
<status status="PASS" starttime="20231120 22:39:00.321" endtime="20231120 22:39:05.914"/>
</kw>
<kw name="Acessar o Modal de Idiomas" library="resources">
<kw name="Click Element" library="SeleniumLibrary">
<arg>locator=${BOTAO_IDIOMAS}</arg>
<doc>Click the element identified by ``locator``.</doc>
<msg timestamp="20231120 22:39:05.915" level="INFO">Clicking element '//button[@data-testid='language-selection-button'][contains(.,'Português do Brasil')]'.</msg>
<status status="PASS" starttime="20231120 22:39:05.914" endtime="20231120 22:39:06.266"/>
</kw>
<status status="PASS" starttime="20231120 22:39:05.914" endtime="20231120 22:39:06.266"/>
</kw>
<kw name="Alterar o Idioma para Inglês" library="resources">
<kw name="Wait Until Element Is Visible" library="SeleniumLibrary">
<arg>locator=//h1[@data-encore-id='type'][contains(.,'Escolha um idioma')]</arg>
<doc>Waits until the element ``locator`` is visible.</doc>
<status status="PASS" starttime="20231120 22:39:06.267" endtime="20231120 22:39:06.292"/>
</kw>
<kw name="Click Element" library="SeleniumLibrary">
<arg>locator=${BOTAO_IDIOMA_INGLES}</arg>
<doc>Click the element identified by ``locator``.</doc>
<msg timestamp="20231120 22:39:06.293" level="INFO">Clicking element '//button[@class='Gf_hXbIvfUvlnE_jnkw8'][contains(.,'EnglishEnglish')]'.</msg>
<status status="PASS" starttime="20231120 22:39:06.292" endtime="20231120 22:39:07.462"/>
</kw>
<status status="PASS" starttime="20231120 22:39:06.266" endtime="20231120 22:39:07.463"/>
</kw>
<kw name="Verificar se a Página Alterou para Inglês" library="resources">
<kw name="Wait Until Element Is Visible" library="SeleniumLibrary">
<arg>locator=//a[@draggable='false'][contains(.,'Spotify Playlists')]</arg>
<doc>Waits until the element ``locator`` is visible.</doc>
<status status="PASS" starttime="20231120 22:39:07.463" endtime="20231120 22:39:09.382"/>
</kw>
<kw name="Element Should Be Visible" library="SeleniumLibrary">
<arg>locator=//a[@draggable='false'][contains(.,'Spotify Playlists')]</arg>
<doc>Verifies that the element identified by ``locator`` is visible.</doc>
<msg timestamp="20231120 22:39:09.397" level="INFO">Element '//a[@draggable='false'][contains(.,'Spotify Playlists')]' is displayed.</msg>
<status status="PASS" starttime="20231120 22:39:09.382" endtime="20231120 22:39:09.397"/>
</kw>
<status status="PASS" starttime="20231120 22:39:07.463" endtime="20231120 22:39:09.397"/>
</kw>
<kw name="Fechar browser" library="resources" type="TEARDOWN">
<kw name="Capture Page Screenshot" library="SeleniumLibrary">
<doc>Takes a screenshot of the current page and embeds it into a log file.</doc>
<msg timestamp="20231120 22:39:09.514" level="INFO" html="true">&lt;/td&gt;&lt;/tr&gt;&lt;tr&gt;&lt;td colspan="3"&gt;&lt;a href="selenium-screenshot-4.png"&gt;&lt;img src="selenium-screenshot-4.png" width="800px"&gt;&lt;/a&gt;</msg>
<status status="PASS" starttime="20231120 22:39:09.398" endtime="20231120 22:39:09.514"/>
</kw>
<kw name="Close Browser" library="SeleniumLibrary">
<doc>Closes the current browser.</doc>
<status status="PASS" starttime="20231120 22:39:09.514" endtime="20231120 22:39:13.709"/>
</kw>
<status status="PASS" starttime="20231120 22:39:09.398" endtime="20231120 22:39:13.709"/>
</kw>
<doc>Altera o idioma do Spotify</doc>
<tag>configuracao</tag>
<status status="PASS" starttime="20231120 22:38:52.260" endtime="20231120 22:39:13.709"/>
</test>
<doc>Demonstração do RobotFramework com o Spotify</doc>
<status status="PASS" starttime="20231120 22:38:52.024" endtime="20231120 22:39:13.710"/>
</suite>
<statistics>
<total>
<stat pass="1" fail="0" skip="0">All Tests</stat>
</total>
<tag>
<stat pass="1" fail="0" skip="0">configuracao</stat>
</tag>
<suite>
<stat pass="1" fail="0" skip="0" id="s1" name="Casosdeteste">Casosdeteste</stat>
</suite>
</statistics>
<errors>
</errors>
</robot>
